➜  Lava Fight love LAVA-FIGHT.love
Connected to game server,       lava.chal.ctf.b01lers.com       :       9999
speed: flag{why_1s_
deathless: 1t_th4t_3v3ry_g4me
spree: _ha5_l4v4_1n_it?}
deathless: 1t_th4t_3v3ry_g4me
speed: flag{why_1s_
speed: flag{why_1s_
speed: flag{why_1s_
speed: flag{why_1s_
speed: flag{why_1s_
deathless: 1t_th4t_3v3ry_g4me
speed: flag{why_1s_
deathless: 1t_th4t_3v3ry_g4me
speed: flag{why_1s_
deathless: 1t_th4t_3v3ry_g4me
speed: flag{why_1s_
speed: flag{why_1s_
speed: flag{why_1s_
speed: flag{why_1s_
speed: flag{why_1s_
speed: flag{why_1s_
speed: flag{why_1s_
speed: flag{why_1s_
speed: flag{why_1s_
speed: flag{why_1s_
speed: flag{why_1s_
speed: flag{why_1s_
speed: flag{why_1s_
speed: flag{why_1s_
speed: flag{why_1s_
speed: flag{why_1s_
speed: flag{why_1s_
speed: flag{why_1s_
speed: flag{why_1s_
speed: flag{why_1s_
speed: flag{why_1s_
speed: flag{why_1s_
speed: flag{why_1s_
speed: flag{why_1s_
deathless: 1t_th4t_3v3ry_g4me
speed: flag{why_1s_
speed: flag{why_1s_
speed: flag{why_1s_
speed: flag{why_1s_
speed: flag{why_1s_
speed: flag{why_1s_
speed: flag{why_1s_
speed: flag{why_1s_
speed: flag{why_1s_
speed: flag{why_1s_
speed: flag{why_1s_
speed: flag{why_1s_
speed: flag{why_1s_
speed: flag{why_1s_
speed: flag{why_1s_
speed: flag{why_1s_
speed: flag{why_1s_
speed: flag{why_1s_
speed: flag{why_1s_
speed: flag{why_1s_
speed: flag{why_1s_
speed: flag{why_1s_
speed: flag{why_1s_
speed: flag{why_1s_
speed: flag{why_1s_
speed: flag{why_1s_
speed: flag{why_1s_
speed: flag{why_1s_
speed: flag{why_1s_
speed: flag{why_1s_
speed: flag{why_1s_
speed: flag{why_1s_
speed: flag{why_1s_
speed: flag{why_1s_
speed: flag{why_1s_
speed: flag{why_1s_
speed: flag{why_1s_
speed: flag{why_1s_
speed: flag{why_1s_
speed: flag{why_1s_
speed: flag{why_1s_
speed: flag{why_1s_
speed: flag{why_1s_
speed: flag{why_1s_
speed: flag{why_1s_
speed: flag{why_1s_
speed: flag{why_1s_
speed: flag{why_1s_
speed: flag{why_1s_
speed: flag{why_1s_
speed: flag{why_1s_
speed: flag{why_1s_
speed: flag{why_1s_
speed: flag{why_1s_
speed: flag{why_1s_
speed: flag{why_1s_
speed: flag{why_1s_
speed: flag{why_1s_
speed: flag{why_1s_
speed: flag{why_1s_
speed: flag{why_1s_
speed: flag{why_1s_
speed: flag{why_1s_
speed: flag{why_1s_
speed: flag{why_1s_
speed: flag{why_1s_
speed: flag{why_1s_
speed: flag{why_1s_
speed: flag{why_1s_
speed: flag{why_1s_
speed: flag{why_1s_
speed: flag{why_1s_
speed: flag{why_1s_
speed: flag{why_1s_
speed: flag{why_1s_
speed: flag{why_1s_
speed: flag{why_1s_
speed: flag{why_1s_
speed: flag{why_1s_
speed: flag{why_1s_
speed: flag{why_1s_
speed: flag{why_1s_
speed: flag{why_1s_
speed: flag{why_1s_
speed: flag{why_1s_
speed: flag{why_1s_
speed: flag{why_1s_
speed: flag{why_1s_
speed: flag{why_1s_
spree: _ha5_l4v4_1n_it?}
speed: flag{why_1s_
deathless: 1t_th4t_3v3ry_g4me
deathless: 1t_th4t_3v3ry_g4me
deathless: 1t_th4t_3v3ry_g4me
deathless: 1t_th4t_3v3ry_g4me
deathless: 1t_th4t_3v3ry_g4me
deathless: 1t_th4t_3v3ry_g4me
deathless: 1t_th4t_3v3ry_g4me
deathless: 1t_th4t_3v3ry_g4me
deathless: 1t_th4t_3v3ry_g4me
deathless: 1t_th4t_3v3ry_g4me
deathless: 1t_th4t_3v3ry_g4me
deathless: 1t_th4t_3v3ry_g4me
deathless: 1t_th4t_3v3ry_g4me
deathless: 1t_th4t_3v3ry_g4me
speed: flag{why_1s_
speed: flag{why_1s_
speed: flag{why_1s_
speed: flag{why_1s_
speed: flag{why_1s_
speed: flag{why_1s_
speed: flag{why_1s_
speed: flag{why_1s_
deathless: 1t_th4t_3v3ry_g4me
deathless: 1t_th4t_3v3ry_g4me
deathless: 1t_th4t_3v3ry_g4me
deathless: 1t_th4t_3v3ry_g4me
deathless: 1t_th4t_3v3ry_g4me
deathless: 1t_th4t_3v3ry_g4me
deathless: 1t_th4t_3v3ry_g4me
deathless: 1t_th4t_3v3ry_g4me

