#
# A fatal error has been detected by the Java Runtime Environment:
#
#  SIGSEGV (0xb) at pc=0x00007efca54cc52f (sent by kill), pid=261865, tid=261865
#
# JRE version:  (11.0.8+10) (build )
# Java VM: OpenJDK 64-Bit Server VM (11.0.8+10, mixed mode, sharing, tiered, compressed oops, g1 gc, linux-amd64)
# Problematic frame:
# v  ~BufferBlob::get_cpu_info_stub
#
# Core dump will be written. Default location: Core dumps may be processed with "/usr/lib/systemd/systemd-coredump %P %u %g %s %t %c %h" (or dumping to /home/unknow/HTBxUniCTF2020-Quals/Reversing/Coffee Invocation/core.261865)
#
#

---------------  S U M M A R Y ------------

Command Line: 

Host: AMD A8-7410 APU with AMD Radeon R5 Graphics, 4 cores, 6G, Manjaro Linux
Time: Sun Nov 22 19:03:47 2020 WIB elapsed time: 16 seconds (0d 0h 0m 16s)

---------------  T H R E A D  ---------------

Current thread (0x000055c1f2777800):  JavaThread "Unknown thread" [_thread_in_vm, id=261865, stack(0x00007fff525f0000,0x00007fff526f0000)]

Stack: [0x00007fff525f0000,0x00007fff526f0000],  sp=0x00007fff526ed598,  free space=1013k
Native frames: (J=compiled Java code, A=aot compiled Java code, j=interpreted, Vv=VM code, C=native code)
v  ~BufferBlob::get_cpu_info_stub


siginfo: si_signo: 11 (SIGSEGV), si_code: 0 (SI_USER), si_pid: 81211, si_uid: 1000

Registers:
RAX=0x0000000000000000, RBX=0x0000000030000000, RCX=0x00000000cafebabe, RDX=0x000000002fd3fbff
RSP=0x00007fff526ed598, RBP=0x00007efcbe32bc80, RSI=0x0000000000000000, RDI=0x00007efcbe32bc80
R8 =0x000055c1f2776720, R9 =0x00000000000000f8, R10=0x0000000000000000, R11=0x0000000000000000
R12=0x000055c1f2776710, R13=0x00007efcbe2d8b58, R14=0x00007efcbe32bb84, R15=0x00007fff526ed810
RIP=0x00007efca54cc52f, EFLAGS=0x0000000000210246, CSGSFS=0x002b000000000033, ERR=0x0000000000000004
  TRAPNO=0x000000000000000e

Top of Stack: (sp=0x00007fff526ed598)
0x00007fff526ed598:   0000000000000246 00007efca54cc280
0x00007fff526ed5a8:   00007efcbe32bb90 00007fff526ed7e0
0x00007fff526ed5b8:   00007efcbdf3c169 00000000bdfd4517
0x00007fff526ed5c8:   0000000000000000 00007efcbcffbf00 

Instructions: (pc=0x00007efca54cc52f)
0x00007efca54cc42f:   89 5e 04 89 4e 08 89 56 0c b8 07 00 00 80 0f a2
0x00007efca54cc43f:   48 8d b5 d0 00 00 00 89 06 89 5e 04 89 4e 08 89
0x00007efca54cc44f:   56 0c b8 05 00 00 80 0f a2 48 8d b5 c0 00 00 00
0x00007efca54cc45f:   89 06 89 5e 04 89 4e 08 89 56 0c b8 01 00 00 80
0x00007efca54cc46f:   0f a2 48 8d b5 80 00 00 00 89 06 89 5e 04 89 4e
0x00007efca54cc47f:   08 89 56 0c 48 8d 75 10 b9 00 00 00 18 23 4e 08
0x00007efca54cc48f:   81 f9 00 00 00 18 75 10 b8 06 00 00 00 23 85 00
0x00007efca54cc49f:   01 00 00 83 f8 06 74 05 e9 73 01 00 00 48 8d 75
0x00007efca54cc4af:   30 b8 00 00 01 00 23 46 04 81 f8 00 00 01 00 75
0x00007efca54cc4bf:   4b b8 e0 00 00 00 23 85 00 01 00 00 81 f8 e0 00
0x00007efca54cc4cf:   00 00 75 38 48 8d 75 10 8b 06 81 f8 54 06 05 00
0x00007efca54cc4df:   0f 84 26 00 00 00 b9 be ba fe ca c5 f9 6e c1 62
0x00007efca54cc4ef:   f2 7d 48 58 c0 62 f1 7e 48 6f f8 62 71 7e 48 6f
0x00007efca54cc4ff:   c0 62 61 7e 48 6f f8 e9 20 00 00 00 b9 be ba fe
0x00007efca54cc50f:   ca c5 f9 6e c1 c5 f9 70 c0 00 c4 e3 7d 18 c0 01
0x00007efca54cc51f:   c5 fe 6f f8 c5 7e 6f c0 c5 7e 6f f8 33 f6 8b 06
0x00007efca54cc52f:   48 8d 75 30 b8 00 00 01 00 23 46 04 81 f8 00 00
0x00007efca54cc53f:   01 00 0f 85 87 00 00 00 b8 e0 00 00 00 23 85 00
0x00007efca54cc54f:   01 00 00 81 f8 e0 00 00 00 0f 85 70 00 00 00 48
0x00007efca54cc55f:   8d 75 10 8b 06 81 f8 54 06 05 00 0f 84 5e 00 00
0x00007efca54cc56f:   00 48 8d b5 88 01 00 00 62 f1 7e 48 7f 06 62 f1
0x00007efca54cc57f:   7e 48 7f 7e 01 62 71 7e 48 7f 46 02 62 61 7e 48
0x00007efca54cc58f:   7f 7e 03 48 8d 75 00 81 7e 04 47 65 6e 75 0f 85
0x00007efca54cc59f:   7c 00 00 00 b9 f0 0f ff 0f 48 8d 75 10 23 0e 81
0x00007efca54cc5af:   f9 70 06 05 00 0f 84 65 00 00 00 81 f9 50 06 08
0x00007efca54cc5bf:   00 0f 84 59 00 00 00 c5 f8 77 e9 51 00 00 00 48
0x00007efca54cc5cf:   8d b5 08 01 00 00 c5 fe 7f 06 c5 fe 7f 7e 20 c5
0x00007efca54cc5df:   7e 7f 46 40 c5 7e 7f 7e 60 48 8d 75 00 81 7e 04
0x00007efca54cc5ef:   47 65 6e 75 0f 85 26 00 00 00 b9 f0 0f ff 0f 48
0x00007efca54cc5ff:   8d 75 10 23 0e 81 f9 70 06 05 00 0f 84 0f 00 00
0x00007efca54cc60f:   00 81 f9 50 06 08 00 0f 84 03 00 00 00 c5 f8 77
0x00007efca54cc61f:   9d 5e 5b 5d c3 00 00 00 00 00 00 00 00 00 00 00 


VM_Version::get_cpu_info_stub [0x00007efca54cc280, 0x00007efca54cc624[ (932 bytes)
---------------  P R O C E S S  ---------------

Threads class SMR info:
_java_thread_list=0x000055c1f2762680, length=0, elements={
}

Java Threads: ( => current thread )

Other Threads:

[error occurred during error reporting (printing all threads), id 0xb, SIGSEGV (0xb) at pc=0x00007efcbdebe477]

VM state:not at safepoint (not fully initialized)

VM Mutex/Monitor currently owned by a thread: None

